[2023-06-01 22:57:16,201: INFO/MainProcess] Connected to redis://redis:6379/0
[2023-06-01 22:57:16,205: INFO/MainProcess] mingle: searching for neighbors
[2023-06-01 22:57:17,212: INFO/MainProcess] mingle: all alone
[2023-06-01 22:57:17,224: INFO/MainProcess] Connected to redis://redis:6379/0
[2023-06-01 22:57:17,229: INFO/MainProcess] mingle: searching for neighbors
[2023-06-01 22:57:17,238: WARNING/MainProcess] /usr/local/lib/python3.10/site-packages/celery/fixups/django.py:203: UserWarning: Using settings.DEBUG leads to a memory
            leak, never use this setting in production environments!
  warnings.warn('''Using settings.DEBUG leads to a memory

[2023-06-01 22:57:17,238: INFO/MainProcess] celery@84694dbe63f0 ready.
[2023-06-01 22:57:17,240: INFO/MainProcess] Task core.celery.divide[17cedaa2-90a7-4fc7-8839-d99ac1cc4739] received
[2023-06-01 22:57:17,241: INFO/MainProcess] Task core.celery.divide[e68f31bc-5c92-4df4-9694-cea9c874903f] received
[2023-06-01 22:57:17,243: INFO/MainProcess] Task core.celery.divide[0834146f-3d61-4497-9ba5-c301e823c0e5] received
[2023-06-01 22:57:17,245: INFO/MainProcess] Task core.celery.divide[5a728478-bff2-451f-b257-8249195e0858] received
[2023-06-01 22:57:17,246: INFO/MainProcess] Task core.celery.divide[d44d15d2-2711-46b0-bb60-f81af93bbc07] received
[2023-06-01 22:57:17,248: INFO/MainProcess] Task core.celery.divide[a4d9fbb0-b5d4-4c3c-9210-c7ff0f60166c] received
[2023-06-01 22:57:18,205: INFO/MainProcess] sync with celery@1c3f528783a4
[2023-06-01 22:57:18,235: INFO/MainProcess] mingle: all alone
[2023-06-01 22:57:18,251: WARNING/MainProcess] /usr/local/lib/python3.10/site-packages/celery/fixups/django.py:203: UserWarning: Using settings.DEBUG leads to a memory
            leak, never use this setting in production environments!
  warnings.warn('''Using settings.DEBUG leads to a memory

[2023-06-01 22:57:18,252: INFO/MainProcess] celery@271059653f68 ready.
[2023-06-01 22:57:22,252: INFO/ForkPoolWorker-5] Task core.celery.divide[17cedaa2-90a7-4fc7-8839-d99ac1cc4739] succeeded in 5.009576845011907s: 0.5
[2023-06-01 22:57:22,254: INFO/ForkPoolWorker-12] Task core.celery.divide[d44d15d2-2711-46b0-bb60-f81af93bbc07] succeeded in 5.005557060998399s: 0.5
[2023-06-01 22:57:22,254: INFO/ForkPoolWorker-8] Task core.celery.divide[5a728478-bff2-451f-b257-8249195e0858] succeeded in 5.008837853994919s: 0.5
[2023-06-01 22:57:22,254: INFO/ForkPoolWorker-7] Task core.celery.divide[0834146f-3d61-4497-9ba5-c301e823c0e5] succeeded in 5.008687696012203s: 0.5
[2023-06-01 22:57:22,252: INFO/ForkPoolWorker-6] Task core.celery.divide[e68f31bc-5c92-4df4-9694-cea9c874903f] succeeded in 5.009393232001457s: 0.5
[2023-06-01 22:57:22,259: INFO/ForkPoolWorker-1] Task core.celery.divide[a4d9fbb0-b5d4-4c3c-9210-c7ff0f60166c] succeeded in 5.010505035985261s: 0.5
[2023-06-01 22:59:58,509: INFO/MainProcess] Connected to redis://redis:6379/0
[2023-06-01 22:59:58,513: INFO/MainProcess] mingle: searching for neighbors
[2023-06-01 22:59:59,520: INFO/MainProcess] mingle: all alone
[2023-06-01 22:59:59,537: WARNING/MainProcess] /usr/local/lib/python3.10/site-packages/celery/fixups/django.py:203: UserWarning: Using settings.DEBUG leads to a memory
            leak, never use this setting in production environments!
  warnings.warn('''Using settings.DEBUG leads to a memory

[2023-06-01 22:59:59,537: INFO/MainProcess] celery@87dccfe6684b ready.
[2023-06-01 22:59:59,540: INFO/MainProcess] Task core.celery.divide[45abf20e-528f-4f21-9b23-feedce53f004] received
[2023-06-01 22:59:59,541: INFO/MainProcess] Task core.celery.divide[06b7828d-7e69-4036-b595-2455ba8a6f59] received
[2023-06-01 22:59:59,542: INFO/MainProcess] Task core.celery.divide[7ac04494-fdef-4564-ba13-66fa9f067103] received
[2023-06-01 22:59:59,543: INFO/MainProcess] Task core.celery.divide[4dcf78c0-916d-4bf6-af5d-aef0a70de554] received
[2023-06-01 22:59:59,545: INFO/MainProcess] Task core.celery.divide[cc5a8c0e-7877-40d7-9d4d-e7b130db4547] received
[2023-06-01 22:59:59,546: INFO/MainProcess] Task core.celery.divide[75d880cd-4400-4251-85de-14188b3a70b0] received
[2023-06-01 23:00:03,242: INFO/MainProcess] Events of group {task} enabled by remote.
[2023-06-01 23:00:04,545: INFO/ForkPoolWorker-6] Task core.celery.divide[06b7828d-7e69-4036-b595-2455ba8a6f59] succeeded in 5.003831979993265s: 0.5
[2023-06-01 23:00:04,547: INFO/ForkPoolWorker-5] Task core.celery.divide[45abf20e-528f-4f21-9b23-feedce53f004] succeeded in 5.005409625999164s: 0.5
[2023-06-01 23:00:04,549: INFO/ForkPoolWorker-8] Task core.celery.divide[4dcf78c0-916d-4bf6-af5d-aef0a70de554] succeeded in 5.005141294997884s: 0.5
[2023-06-01 23:00:04,549: INFO/ForkPoolWorker-7] Task core.celery.divide[7ac04494-fdef-4564-ba13-66fa9f067103] succeeded in 5.0051543560111895s: 0.5
[2023-06-01 23:00:04,553: INFO/ForkPoolWorker-12] Task core.celery.divide[cc5a8c0e-7877-40d7-9d4d-e7b130db4547] succeeded in 5.006173828995088s: 0.5
[2023-06-01 23:00:04,554: INFO/ForkPoolWorker-1] Task core.celery.divide[75d880cd-4400-4251-85de-14188b3a70b0] succeeded in 5.006867003015941s: 0.5
